<?xml version="1.0" encoding="UTF-8" ?>
<testsuite failures="0" time="0.13" errors="0" skipped="0" tests="55" name="org.primefaces.expression.SearchExpressionFacadeTest">
  <properties>
[...]
</properties>
  <testcase time="0.103" classname="org.primefaces.expression.SearchExpressionFacadeTest" name="resolveComponentForClient_Form"/>
  <testcase time="0" classname="org.primefaces.expression.SearchExpressionFacadeTest" name="resolveComponentForClient_Root"/>
  <testcase time="0.001" classname="org.primefaces.expression.SearchExpressionFacadeTest" name="resolveComponentForClient_Absolute"/>
  <testcase time="0" classname="org.primefaces.expression.SearchExpressionFacadeTest" name="resolveComponentForClient_Relative"/>
  <testcase time="0" classname="org.primefaces.expression.SearchExpressionFacadeTest" name="resolveComponentForClient_AbsoluteForm"/>
  <testcase time="0.001" classname="org.primefaces.expression.SearchExpressionFacadeTest" name="resolveComponentForClient_AbsoluteNamingcontainer"/>
  <testcase time="0.001" classname="org.primefaces.expression.SearchExpressionFacadeTest" name="resolveComponentForClient_AbsoluteNamingcontainerParent"/>
  <testcase time="0.001" classname="org.primefaces.expression.SearchExpressionFacadeTest" name="resolveComponent_AbsoluteKeywordStart"/>
  <testcase time="0.001" classname="org.primefaces.expression.SearchExpressionFacadeTest" name="resolveComponentForClient_AbsoluteKeywordStart"/>
  <testcase time="0.001" classname="org.primefaces.expression.SearchExpressionFacadeTest" name="resolveComponentsForClient_RelativeAndParent"/>
  <testcase time="0" classname="org.primefaces.expression.SearchExpressionFacadeTest" name="resolveComponentsForClient_RelativeAndParentParent"/>
  <testcase time="0" classname="org.primefaces.expression.SearchExpressionFacadeTest" name="resolveComponentsForClient_RelativeAndThisParent"/>
  <testcase time="0.001" classname="org.primefaces.expression.SearchExpressionFacadeTest" name="resolveComponentsForClient_RelativeAndPFSAndWidgetVarAndFormParent"/>
  <testcase time="0" classname="org.primefaces.expression.SearchExpressionFacadeTest" name="resolveComponents_RelativeAndParent"/>
  <testcase time="0" classname="org.primefaces.expression.SearchExpressionFacadeTest" name="resolveComponents_RelativeAndParentParent"/>
  <testcase time="0.002" classname="org.primefaces.expression.SearchExpressionFacadeTest" name="resolveComponents_RelativeAndThisParent"/>
  <testcase time="0" classname="org.primefaces.expression.SearchExpressionFacadeTest" name="resolveComponentsForClient_PFSNestedParenthese"/>
  <testcase time="0" classname="org.primefaces.expression.SearchExpressionFacadeTest" name="resolveComponentsForClient_PFSMultipleIds"/>
  <testcase time="0" classname="org.primefaces.expression.SearchExpressionFacadeTest" name="resolveComponentForClient_NonCombineableAllAndNone"/>
  <testcase time="0" classname="org.primefaces.expression.SearchExpressionFacadeTest" name="resolveComponentWithParentFallback"/>
  <testcase time="0" classname="org.primefaces.expression.SearchExpressionFacadeTest" name="resolveComponentsForClientWithParentFallback"/>
  <testcase time="0" classname="org.primefaces.expression.SearchExpressionFacadeTest" name="resolveComponent_Next"/>
  <testcase time="0" classname="org.primefaces.expression.SearchExpressionFacadeTest" name="resolveComponent_NextNext"/>
  <testcase time="0.001" classname="org.primefaces.expression.SearchExpressionFacadeTest" name="resolveComponent_Previous"/>
  <testcase time="0" classname="org.primefaces.expression.SearchExpressionFacadeTest" name="resolveComponent_PreviousPrevious"/>
  <testcase time="0" classname="org.primefaces.expression.SearchExpressionFacadeTest" name="resolveComponent_FormChildNextNext"/>
  <testcase time="0.001" classname="org.primefaces.expression.SearchExpressionFacadeTest" name="resolveComponent_NoResult"/>
  <testcase time="0.001" classname="org.primefaces.expression.SearchExpressionFacadeTest" name="resolveComponent_IgnoreNoResult"/>
  <testcase time="0.001" classname="org.primefaces.expression.SearchExpressionFacadeTest" name="resolveComponent_ParentParent"/>
  <testcase time="0" classname="org.primefaces.expression.SearchExpressionFacadeTest" name="resolveComponent_Form"/>
  <testcase time="0" classname="org.primefaces.expression.SearchExpressionFacadeTest" name="resolveComponent_FormParent"/>
  <testcase time="0.001" classname="org.primefaces.expression.SearchExpressionFacadeTest" name="resolveComponent_All"/>
  <testcase time="0.001" classname="org.primefaces.expression.SearchExpressionFacadeTest" name="resolveComponent_This"/>
  <testcase time="0.001" classname="org.primefaces.expression.SearchExpressionFacadeTest" name="resolveComponent_ThisParent"/>
  <testcase time="0.001" classname="org.primefaces.expression.SearchExpressionFacadeTest" name="resolveComponent_Namingcontainer"/>
  <testcase time="0" classname="org.primefaces.expression.SearchExpressionFacadeTest" name="resolveComponent_NamingcontainerNamingcontainer"/>
  <testcase time="0" classname="org.primefaces.expression.SearchExpressionFacadeTest" name="resolveComponent_NamingcontainerParent"/>
  <testcase time="0" classname="org.primefaces.expression.SearchExpressionFacadeTest" name="resolveComponent_None"/>
  <testcase time="0.001" classname="org.primefaces.expression.SearchExpressionFacadeTest" name="resolveComponent_Absolute"/>
  <testcase time="0.001" classname="org.primefaces.expression.SearchExpressionFacadeTest" name="resolveComponent_Relative"/>
  <testcase time="0.001" classname="org.primefaces.expression.SearchExpressionFacadeTest" name="resolveComponent_AbsoluteForm"/>
  <testcase time="0.001" classname="org.primefaces.expression.SearchExpressionFacadeTest" name="resolveComponent_ParentChild"/>
  <testcase time="0.001" classname="org.primefaces.expression.SearchExpressionFacadeTest" name="resolveComponentForClient_ParentChild"/>
  <testcase time="0.001" classname="org.primefaces.expression.SearchExpressionFacadeTest" name="resolveComponent_AbsoluteNamingcontainer"/>
  <testcase time="0.001" classname="org.primefaces.expression.SearchExpressionFacadeTest" name="resolveComponent_AbsoluteNamingcontainerParent"/>
  <testcase time="0" classname="org.primefaces.expression.SearchExpressionFacadeTest" name="resolveComponentForClient_None"/>
  <testcase time="0" classname="org.primefaces.expression.SearchExpressionFacadeTest" name="resolveComponentForClient_PFS"/>
  <testcase time="0.001" classname="org.primefaces.expression.SearchExpressionFacadeTest" name="resolveComponentForClient_All"/>
  <testcase time="0" classname="org.primefaces.expression.SearchExpressionFacadeTest" name="resolveComponentForClient_WidgetVar"/>
  <testcase time="0" classname="org.primefaces.expression.SearchExpressionFacadeTest" name="resolveComponent_NotNestablePasstrough"/>
  <testcase time="0.001" classname="org.primefaces.expression.SearchExpressionFacadeTest" name="resolveComponentForClient_NotNestablePasstrough"/>
  <testcase time="0.001" classname="org.primefaces.expression.SearchExpressionFacadeTest" name="resolveComponentForClient_Parent"/>
  <testcase time="0" classname="org.primefaces.expression.SearchExpressionFacadeTest" name="resolveComponentForClient_This"/>
  <testcase time="0" classname="org.primefaces.expression.SearchExpressionFacadeTest" name="resolveComponentForClient_Namingcontainer"/>
  <testcase time="0" classname="org.primefaces.expression.SearchExpressionFacadeTest" name="resolveComponent_Parent"/>
</testsuite>